2014-04-21 00:31:10,598 [FileSystemWatcher: files=#252 cl=java.net.URLClassLoader@1b617d37] ERROR StackTrace  - Full Stack Trace:
java.util.ConcurrentModificationException
	at java.util.ArrayList$Itr.checkForComodification(ArrayList.java:859)
	at java.util.ArrayList$Itr.next(ArrayList.java:831)
	at org.springframework.beans.factory.support.DefaultListableBeanFactory.resetBeanDefinition(DefaultListableBeanFactory.java:696)
	at org.springframework.beans.factory.support.DefaultListableBeanFactory.removeBeanDefinition(DefaultListableBeanFactory.java:674)
	at org.springframework.context.support.GenericApplicationContext.removeBeanDefinition(GenericApplicationContext.java:297)
	at sun.reflect.NativeMethodAccessorImpl.invoke0(Native Method)
	at sun.reflect.NativeMethodAccessorImpl.invoke(NativeMethodAccessorImpl.java:57)
	at sun.reflect.DelegatingMethodAccessorImpl.invoke(DelegatingMethodAccessorImpl.java:43)
	at java.lang.reflect.Method.invoke(Method.java:606)
	at org.springsource.loaded.ri.ReflectiveInterceptor.jlrMethodInvoke(ReflectiveInterceptor.java:1265)
	at org.codehaus.groovy.reflection.CachedMethod.invoke(CachedMethod.java:90)
	at groovy.lang.MetaMethod.doMethodInvoke(MetaMethod.java:233)
	at groovy.lang.MetaClassImpl.invokeMethod(MetaClassImpl.java:1082)
	at groovy.lang.ExpandoMetaClass.invokeMethod(ExpandoMetaClass.java:1106)
	at groovy.lang.MetaClassImpl.invokeMethod(MetaClassImpl.java:906)
	at org.codehaus.groovy.grails.commons.spring.DefaultRuntimeSpringConfiguration.removeBeanDefinition(DefaultRuntimeSpringConfiguration.java:339)
	at org.codehaus.groovy.grails.commons.spring.DefaultRuntimeSpringConfiguration.registerBeanConfigsWithRegistry(DefaultRuntimeSpringConfiguration.java:280)
	at org.codehaus.groovy.grails.commons.spring.DefaultRuntimeSpringConfiguration.registerBeansWithRegistry(DefaultRuntimeSpringConfiguration.java:251)
	at grails.spring.BeanBuilder.registerBeans(BeanBuilder.java:498)
	at grails.spring.BeanBuilder$registerBeans.call(Unknown Source)
	at org.codehaus.groovy.grails.plugins.orm.hibernate.HibernatePluginSupport$__clinit__closure15.doCall(HibernatePluginSupport.groovy:399)
	at sun.reflect.NativeMethodAccessorImpl.invoke0(Native Method)
	at sun.reflect.NativeMethodAccessorImpl.invoke(NativeMethodAccessorImpl.java:57)
	at sun.reflect.DelegatingMethodAccessorImpl.invoke(DelegatingMethodAccessorImpl.java:43)
	at java.lang.reflect.Method.invoke(Method.java:606)
	at org.springsource.loaded.ri.ReflectiveInterceptor.jlrMethodInvoke(ReflectiveInterceptor.java:1265)
	at org.codehaus.groovy.reflection.CachedMethod.invoke(CachedMethod.java:90)
	at groovy.lang.MetaMethod.doMethodInvoke(MetaMethod.java:233)
	at groovy.lang.MetaClassImpl.invokeMethod(MetaClassImpl.java:1082)
	at groovy.lang.ExpandoMetaClass.invokeMethod(ExpandoMetaClass.java:1106)
	at groovy.lang.MetaClassImpl.invokeMethod(MetaClassImpl.java:906)
	at groovy.lang.Closure.call(Closure.java:412)
	at org.codehaus.groovy.grails.plugins.DefaultGrailsPlugin.invokeOnChangeListener(DefaultGrailsPlugin.java:768)
	at org.codehaus.groovy.grails.plugins.DefaultGrailsPlugin.notifyOfEvent(DefaultGrailsPlugin.java:717)
	at org.codehaus.groovy.grails.plugins.DefaultGrailsPluginManager.informObservers(DefaultGrailsPluginManager.java:243)
	at org.codehaus.groovy.grails.plugins.DefaultGrailsPlugin.notifyOfEvent(DefaultGrailsPlugin.java:733)
	at org.codehaus.groovy.grails.plugins.AbstractGrailsPluginManager.informOfClassChange(AbstractGrailsPluginManager.java:407)
	at org.codehaus.groovy.grails.compiler.GrailsProjectWatcher$2.run(GrailsProjectWatcher.java:257)
	at org.codehaus.groovy.grails.compiler.GrailsProjectWatcher.firePendingClassChangeEvents(GrailsProjectWatcher.java:124)
	at org.codehaus.groovy.grails.cli.agent.GrailsPluginManagerReloadPlugin.reloadEvent(GrailsPluginManagerReloadPlugin.java:42)
	at org.springsource.loaded.TypeRegistry.fireReloadEvent(TypeRegistry.java:1641)
	at org.springsource.loaded.ReloadableType.loadNewVersion(ReloadableType.java:396)
	at org.springsource.loaded.TypeRegistry.loadNewVersion(TypeRegistry.java:808)
	at org.springsource.loaded.agent.ReloadableFileChangeListener.fileChanged(ReloadableFileChangeListener.java:51)
	at org.springsource.loaded.agent.Watcher.determineChangesSince(FileSystemWatcher.java:218)
	at org.springsource.loaded.agent.Watcher.run(FileSystemWatcher.java:205)
	at java.lang.Thread.run(Thread.java:744)
2014-04-21 00:31:10,603 [FileSystemWatcher: files=#252 cl=java.net.URLClassLoader@1b617d37] ERROR StackTrace  - Full Stack Trace:
java.util.ConcurrentModificationException
	at java.util.ArrayList$Itr.checkForComodification(ArrayList.java:859)
	at java.util.ArrayList$Itr.next(ArrayList.java:831)
	at grails.spring.BeanBuilder.registerBeans(BeanBuilder.java:498)
	at java.lang.Thread.run(Thread.java:744)
2014-04-21 00:31:10,604 [FileSystemWatcher: files=#252 cl=java.net.URLClassLoader@1b617d37] ERROR StackTrace  - Full Stack Trace:
java.util.ConcurrentModificationException
	at java.util.ArrayList$Itr.checkForComodification(ArrayList.java:859)
	at java.util.ArrayList$Itr.next(ArrayList.java:831)
	at grails.spring.BeanBuilder.registerBeans(BeanBuilder.java:498)
	at java.lang.Thread.run(Thread.java:744)
2014-04-21 00:31:10,605 [FileSystemWatcher: files=#252 cl=java.net.URLClassLoader@1b617d37] ERROR StackTrace  - Full Stack Trace:
java.util.ConcurrentModificationException
	at java.util.ArrayList$Itr.checkForComodification(ArrayList.java:859)
	at java.util.ArrayList$Itr.next(ArrayList.java:831)
	at grails.spring.BeanBuilder.registerBeans(BeanBuilder.java:498)
	at java.lang.Thread.run(Thread.java:744)
2014-04-21 00:51:19,814 [localhost-startStop-1] ERROR StackTrace  - Full Stack Trace:
groovy.lang.MissingPropertyException: No such property: mrakami for class: biblioj.InitialisationService
	at org.codehaus.groovy.runtime.ScriptBytecodeAdapter.unwrap(ScriptBytecodeAdapter.java:50)
	at org.codehaus.groovy.runtime.callsite.PogoMetaClassGetPropertySite.getProperty(PogoMetaClassGetPropertySite.java:50)
	at org.codehaus.groovy.runtime.callsite.AbstractCallSite.callGroovyObjectGetProperty(AbstractCallSite.java:231)
	at biblioj.InitialisationService.initialiserDonnees(InitialisationService.groovy:26)
	at biblioj.InitialisationService$$FastClassByCGLIB$$d58a9433.invoke(<generated>)
	at net.sf.cglib.proxy.MethodProxy.invoke(MethodProxy.java:191)
	at org.springframework.aop.framework.Cglib2AopProxy$CglibMethodInvocation.invokeJoinpoint(Cglib2AopProxy.java:689)
	at org.springframework.aop.framework.ReflectiveMethodInvocation.proceed(ReflectiveMethodInvocation.java:150)
	at org.springframework.transaction.interceptor.TransactionInterceptor.invoke(TransactionInterceptor.java:110)
	at org.springframework.aop.framework.ReflectiveMethodInvocation.proceed(ReflectiveMethodInvocation.java:172)
	at org.springframework.aop.framework.Cglib2AopProxy$DynamicAdvisedInterceptor.intercept(Cglib2AopProxy.java:622)
	at biblioj.InitialisationService$$EnhancerByCGLIB$$414e3564.initialiserDonnees(<generated>)
	at biblioj.InitialisationService$initialiserDonnees.call(Unknown Source)
	at org.codehaus.groovy.runtime.callsite.CallSiteArray.defaultCall(CallSiteArray.java:45)
	at org.codehaus.groovy.runtime.callsite.AbstractCallSite.call(AbstractCallSite.java:108)
	at org.codehaus.groovy.runtime.callsite.AbstractCallSite.call(AbstractCallSite.java:112)
	at BootStrap$_closure1_closure3_closure4.doCall(BootStrap.groovy:10)
	at BootStrap$_closure1_closure3_closure4.doCall(BootStrap.groovy)
	at sun.reflect.NativeMethodAccessorImpl.invoke0(Native Method)
	at sun.reflect.NativeMethodAccessorImpl.invoke(NativeMethodAccessorImpl.java:57)
	at sun.reflect.DelegatingMethodAccessorImpl.invoke(DelegatingMethodAccessorImpl.java:43)
	at java.lang.reflect.Method.invoke(Method.java:606)
	at org.springsource.loaded.ri.ReflectiveInterceptor.jlrMethodInvoke(ReflectiveInterceptor.java:1259)
	at org.codehaus.groovy.reflection.CachedMethod.invoke(CachedMethod.java:90)
	at groovy.lang.MetaMethod.doMethodInvoke(MetaMethod.java:233)
	at groovy.lang.MetaClassImpl.invokeMethod(MetaClassImpl.java:1082)
	at groovy.lang.ExpandoMetaClass.invokeMethod(ExpandoMetaClass.java:1106)
	at groovy.lang.MetaClassImpl.invokeMethod(MetaClassImpl.java:906)
	at groovy.lang.Closure.call(Closure.java:412)
	at BootStrap$_closure1_closure3_closure4.call(BootStrap.groovy)
	at groovy.lang.Closure.call(Closure.java:406)
	at BootStrap$_closure1_closure3_closure4.call(BootStrap.groovy)
	at grails.util.Environment$EnvironmentBlockEvaluator.execute(Environment.java:321)
	at grails.util.Environment.executeForEnvironment(Environment.java:302)
	at grails.util.Environment.executeForCurrentEnvironment(Environment.java:277)
	at org.codehaus.groovy.grails.commons.DefaultGrailsBootstrapClass.callInit(DefaultGrailsBootstrapClass.java:60)
	at org.codehaus.groovy.grails.web.context.GrailsConfigUtils.executeGrailsBootstraps(GrailsConfigUtils.java:74)
	at org.codehaus.groovy.grails.web.context.GrailsContextLoader.initWebApplicationContext(GrailsContextLoader.java:108)
	at org.springframework.web.context.ContextLoaderListener.contextInitialized(ContextLoaderListener.java:111)
	at org.apache.catalina.core.StandardContext.listenerStart(StandardContext.java:4939)
	at org.apache.catalina.core.StandardContext.startInternal(StandardContext.java:5434)
	at org.apache.catalina.util.LifecycleBase.start(LifecycleBase.java:150)
	at org.apache.catalina.core.ContainerBase$StartChild.call(ContainerBase.java:1559)
	at org.apache.catalina.core.ContainerBase$StartChild.call(ContainerBase.java:1549)
	at java.util.concurrent.FutureTask.run(FutureTask.java:262)
	at java.util.concurrent.ThreadPoolExecutor.runWorker(ThreadPoolExecutor.java:1145)
	at java.util.concurrent.ThreadPoolExecutor$Worker.run(ThreadPoolExecutor.java:615)
	at java.lang.Thread.run(Thread.java:744)
2014-04-21 00:51:19,843 [localhost-startStop-1] ERROR StackTrace  - Full Stack Trace:
groovy.lang.MissingPropertyException: No such property: mrakami for class: biblioj.InitialisationService
	at biblioj.InitialisationService.initialiserDonnees(InitialisationService.groovy:26)
	at BootStrap$_closure1_closure3_closure4.doCall(BootStrap.groovy:10)
	at grails.util.Environment$EnvironmentBlockEvaluator.execute(Environment.java:321)
	at grails.util.Environment.executeForEnvironment(Environment.java:302)
	at grails.util.Environment.executeForCurrentEnvironment(Environment.java:277)
	at java.util.concurrent.FutureTask.run(FutureTask.java:262)
	at java.util.concurrent.ThreadPoolExecutor.runWorker(ThreadPoolExecutor.java:1145)
	at java.util.concurrent.ThreadPoolExecutor$Worker.run(ThreadPoolExecutor.java:615)
	at java.lang.Thread.run(Thread.java:744)
2014-04-21 00:51:19,844 [localhost-startStop-1] ERROR StackTrace  - Full Stack Trace:
groovy.lang.MissingPropertyException: No such property: mrakami for class: biblioj.InitialisationService
	at biblioj.InitialisationService.initialiserDonnees(InitialisationService.groovy:26)
	at BootStrap$_closure1_closure3_closure4.doCall(BootStrap.groovy:10)
	at grails.util.Environment$EnvironmentBlockEvaluator.execute(Environment.java:321)
	at grails.util.Environment.executeForEnvironment(Environment.java:302)
	at grails.util.Environment.executeForCurrentEnvironment(Environment.java:277)
	at java.util.concurrent.FutureTask.run(FutureTask.java:262)
	at java.util.concurrent.ThreadPoolExecutor.runWorker(ThreadPoolExecutor.java:1145)
	at java.util.concurrent.ThreadPoolExecutor$Worker.run(ThreadPoolExecutor.java:615)
	at java.lang.Thread.run(Thread.java:744)
2014-04-21 00:51:19,844 [localhost-startStop-1] ERROR StackTrace  - Full Stack Trace:
groovy.lang.MissingPropertyException: No such property: mrakami for class: biblioj.InitialisationService
	at biblioj.InitialisationService.initialiserDonnees(InitialisationService.groovy:26)
	at BootStrap$_closure1_closure3_closure4.doCall(BootStrap.groovy:10)
	at grails.util.Environment$EnvironmentBlockEvaluator.execute(Environment.java:321)
	at grails.util.Environment.executeForEnvironment(Environment.java:302)
	at grails.util.Environment.executeForCurrentEnvironment(Environment.java:277)
	at java.util.concurrent.FutureTask.run(FutureTask.java:262)
	at java.util.concurrent.ThreadPoolExecutor.runWorker(ThreadPoolExecutor.java:1145)
	at java.util.concurrent.ThreadPoolExecutor$Worker.run(ThreadPoolExecutor.java:615)
	at java.lang.Thread.run(Thread.java:744)
2014-04-21 00:51:19,844 [localhost-startStop-1] ERROR StackTrace  - Full Stack Trace:
groovy.lang.MissingPropertyException: No such property: mrakami for class: biblioj.InitialisationService
	at biblioj.InitialisationService.initialiserDonnees(InitialisationService.groovy:26)
	at BootStrap$_closure1_closure3_closure4.doCall(BootStrap.groovy:10)
	at grails.util.Environment$EnvironmentBlockEvaluator.execute(Environment.java:321)
	at grails.util.Environment.executeForEnvironment(Environment.java:302)
	at grails.util.Environment.executeForCurrentEnvironment(Environment.java:277)
	at java.util.concurrent.FutureTask.run(FutureTask.java:262)
	at java.util.concurrent.ThreadPoolExecutor.runWorker(ThreadPoolExecutor.java:1145)
	at java.util.concurrent.ThreadPoolExecutor$Worker.run(ThreadPoolExecutor.java:615)
	at java.lang.Thread.run(Thread.java:744)
2014-04-21 00:51:19,845 [localhost-startStop-1] ERROR StackTrace  - Full Stack Trace:
groovy.lang.MissingPropertyException: No such property: mrakami for class: biblioj.InitialisationService
	at biblioj.InitialisationService.initialiserDonnees(InitialisationService.groovy:26)
	at BootStrap$_closure1_closure3_closure4.doCall(BootStrap.groovy:10)
	at grails.util.Environment$EnvironmentBlockEvaluator.execute(Environment.java:321)
	at grails.util.Environment.executeForEnvironment(Environment.java:302)
	at grails.util.Environment.executeForCurrentEnvironment(Environment.java:277)
	at java.util.concurrent.FutureTask.run(FutureTask.java:262)
	at java.util.concurrent.ThreadPoolExecutor.runWorker(ThreadPoolExecutor.java:1145)
	at java.util.concurrent.ThreadPoolExecutor$Worker.run(ThreadPoolExecutor.java:615)
	at java.lang.Thread.run(Thread.java:744)
